[0110/005037.797:ERROR:simple_version_upgrade.cc(152)] Failed to write a new fake index.
[0110/005037.808:ERROR:cache_util_win.cc(20)] Unable to move the cache: Acceso denegado. (0x5)
[0110/005037.808:ERROR:cache_util_win.cc(20)] Unable to move the cache: Acceso denegado. (0x5)
[0110/005037.809:ERROR:disk_cache.cc(205)] Unable to create cache
[0110/005037.809:ERROR:gpu_disk_cache.cc(673)] Gpu Cache Creation failed: -2
[0110/005037.809:ERROR:disk_cache.cc(205)] Unable to create cache
[0110/005037.809:ERROR:gpu_disk_cache.cc(673)] Gpu Cache Creation failed: -2
[0110/005038.138:ERROR:cache_util_win.cc(20)] Unable to move the cache: Acceso denegado. (0x5)
[0110/005038.138:ERROR:disk_cache.cc(205)] Unable to create cache
[0110/005041.170:ERROR:cache_util_win.cc(20)] Unable to move the cache: Acceso denegado. (0x5)
[0110/005041.170:ERROR:cache_util_win.cc(20)] Unable to move the cache: Acceso denegado. (0x5)
[0110/005041.283:ERROR:disk_cache.cc(205)] Unable to create cache
[0110/005041.283:ERROR:gpu_disk_cache.cc(673)] Gpu Cache Creation failed: -2
[0110/005041.284:ERROR:disk_cache.cc(205)] Unable to create cache
[0110/005041.284:ERROR:gpu_disk_cache.cc(673)] Gpu Cache Creation failed: -2
[0110/005041.340:INFO:CONSOLE(0)] "Error with Permissions-Policy header: Feature xr-spatial-tracking's parameters are ignored.", source:  (0)
[0110/005041.340:INFO:CONSOLE(0)] "Error with Permissions-Policy header: Origin trial controlled feature not enabled: 'attribution-reporting'.", source:  (0)
[0110/005041.341:INFO:CONSOLE(0)] "Error with Permissions-Policy header: Unrecognized feature: 'compute-pressure'.", source:  (0)
[0110/005041.342:INFO:CONSOLE(0)] "Error with Permissions-Policy header: Origin trial controlled feature not enabled: 'interest-cohort'.", source:  (0)
[0110/005041.342:INFO:CONSOLE(0)] "Error with Permissions-Policy header: Unrecognized feature: 'private-state-token-issuance'.", source:  (0)
[0110/005041.342:INFO:CONSOLE(0)] "Error with Permissions-Policy header: Origin trial controlled feature not enabled: 'shared-storage'.", source:  (0)
[0110/005041.342:INFO:CONSOLE(0)] "Error with Permissions-Policy header: Unrecognized feature: 'shared-storage-select-url'.", source:  (0)
[0110/005041.342:INFO:CONSOLE(0)] "Error with Permissions-Policy header: Unrecognized feature: 'private-state-token-redemption'.", source:  (0)
[0110/005041.342:INFO:CONSOLE(0)] "Error with Permissions-Policy header: Unrecognized feature: 'unload'.", source:  (0)
[0110/005041.342:INFO:CONSOLE(0)] "Error with Permissions-Policy header: Unrecognized feature: 'window-management'.", source:  (0)
[0110/005041.342:INFO:CONSOLE(0)] "Document-Policy HTTP header: Unrecognized document policy feature name include-js-call-stacks-in-crash-reports.", source: https://web.whatsapp.com/ (0)
[0110/005041.350:INFO:CONSOLE(0)] "Error with Permissions-Policy header: Feature xr-spatial-tracking's parameters are ignored.", source:  (0)
[0110/005041.350:INFO:CONSOLE(0)] "Error with Permissions-Policy header: Origin trial controlled feature not enabled: 'attribution-reporting'.", source:  (0)
[0110/005041.350:INFO:CONSOLE(0)] "Error with Permissions-Policy header: Unrecognized feature: 'compute-pressure'.", source:  (0)
[0110/005041.350:INFO:CONSOLE(0)] "Error with Permissions-Policy header: Origin trial controlled feature not enabled: 'interest-cohort'.", source:  (0)
[0110/005041.350:INFO:CONSOLE(0)] "Error with Permissions-Policy header: Unrecognized feature: 'private-state-token-issuance'.", source:  (0)
[0110/005041.350:INFO:CONSOLE(0)] "Error with Permissions-Policy header: Origin trial controlled feature not enabled: 'shared-storage'.", source:  (0)
[0110/005041.350:INFO:CONSOLE(0)] "Error with Permissions-Policy header: Unrecognized feature: 'shared-storage-select-url'.", source:  (0)
[0110/005041.350:INFO:CONSOLE(0)] "Error with Permissions-Policy header: Unrecognized feature: 'private-state-token-redemption'.", source:  (0)
[0110/005041.350:INFO:CONSOLE(0)] "Error with Permissions-Policy header: Unrecognized feature: 'unload'.", source:  (0)
[0110/005041.350:INFO:CONSOLE(0)] "Error with Permissions-Policy header: Unrecognized feature: 'window-management'.", source:  (0)
[0110/005041.350:INFO:CONSOLE(0)] "Document-Policy HTTP header: Unrecognized document policy feature name include-js-call-stacks-in-crash-reports.", source: https://web.whatsapp.com/ (0)
[0110/005041.955:INFO:CONSOLE(77)] "ErrorUtils caught an error:

multiple-uim-roots

Subsequent non-fatal errors won't be logged; see https://fburl.com/debugjs. [object Object]", source: https://static.whatsapp.net/rsrc.php/v4/yv/r/0p5QPbRp7Rp.js (77)
[0110/005042.738:INFO:CONSOLE(113)] "Event handler of 'x-storagemutated-1' event must be added on the initial evaluation of worker script.", source: https://static.whatsapp.net/rsrc.php/v4/ym/r/cflfceaAb9-.js (113)
[0110/005049.437:ERROR:quota_database.cc(929)] Could not open the quota database, resetting.
[0110/005054.285:ERROR:quota_database.cc(929)] Could not open the quota database, resetting.
[0110/005057.175:ERROR:quota_database.cc(931)] Failed to reset the quota database.
[0110/005057.175:ERROR:quota_database.cc(931)] Failed to reset the quota database.
[0110/005059.085:INFO:CONSOLE(77)] "ErrorUtils caught an error:

Internal error.
 UnknownError: Internal error.

Subsequent non-fatal errors won't be logged; see https://fburl.com/debugjs. [object Object]", source: https://static.whatsapp.net/rsrc.php/v4/yv/r/0p5QPbRp7Rp.js (77)
[0110/005142.411:INFO:CONSOLE(113)] "Event handler of 'x-storagemutated-1' event must be added on the initial evaluation of worker script.", source: https://static.whatsapp.net/rsrc.php/v4/ym/r/cflfceaAb9-.js (113)
[0110/005325.822:INFO:CONSOLE(113)] "Event handler of 'x-storagemutated-1' event must be added on the initial evaluation of worker script.", source: https://static.whatsapp.net/rsrc.php/v4/ym/r/cflfceaAb9-.js (113)
[0110/005414.128:INFO:CONSOLE(113)] "Event handler of 'x-storagemutated-1' event must be added on the initial evaluation of worker script.", source: https://static.whatsapp.net/rsrc.php/v4/ym/r/cflfceaAb9-.js (113)
[0110/005542.440:INFO:CONSOLE(113)] "Event handler of 'x-storagemutated-1' event must be added on the initial evaluation of worker script.", source: https://static.whatsapp.net/rsrc.php/v4/ym/r/cflfceaAb9-.js (113)
[0110/005745.018:INFO:CONSOLE(113)] "Event handler of 'x-storagemutated-1' event must be added on the initial evaluation of worker script.", source: https://static.whatsapp.net/rsrc.php/v4/ym/r/cflfceaAb9-.js (113)
[0110/010115.968:INFO:CONSOLE(113)] "Event handler of 'x-storagemutated-1' event must be added on the initial evaluation of worker script.", source: https://static.whatsapp.net/rsrc.php/v4/ym/r/cflfceaAb9-.js (113)
